<?xml version="1.0" encoding="UTF-8"?>
<testng-results ignored="0" total="1" passed="1" failed="0" skipped="0">
  <reporter-output>
  </reporter-output>
  <suite started-at="2022-07-04T13:06:31 IST" name="Default suite" finished-at="2022-07-04T13:06:35 IST" duration-ms="3451">
    <groups>
    </groups>
    <test started-at="2022-07-04T13:06:31 IST" name="Default test" finished-at="2022-07-04T13:06:35 IST" duration-ms="3451">
      <class name="AccountTeam4.AccAuthorized">
        <test-method signature="Authirized()[pri:0, instance:AccountTeam4.AccAuthorized@3fb1549b]" started-at="2022-07-04T13:06:31 IST" name="Authirized" finished-at="2022-07-04T13:06:35 IST" duration-ms="3423" status="PASS">
          <reporter-output>
          </reporter-output>
        </test-method> <!-- Authirized -->
      </class> <!-- AccountTeam4.AccAuthorized -->
    </test> <!-- Default test -->
  </suite> <!-- Default suite -->
</testng-results>
