<?xml version="1.0" encoding="UTF-8" standalone="no"?>
<testsuite errors="0" failures="4" name="io.cucumber.core.plugin.JUnitFormatter" skipped="0" tests="4" time="5.873">
    <testcase classname="Cambridge Dictionary Link" name="Successful navigation to Home Page" time="5.134">
        <failure message="Cannot invoke &quot;org.openqa.selenium.WebElement.isDisplayed()&quot; because &quot;CambDict.CambDictStepDef.DictLogo&quot; is null" type="java.lang.NullPointerException"><![CDATA[Given User navigate to home page............................................passed
When User validate on cambridge logo icon...................................failed
Then User should be navigated to the validation of cambridge logo...........skipped

StackTrace:
java.lang.NullPointerException: Cannot invoke "org.openqa.selenium.WebElement.isDisplayed()" because "CambDict.CambDictStepDef.DictLogo" is null
	at CambDict.CambDictStepDef.Validate_Logo_icon(CambDictStepDef.java:46)
	at ✽.User validate on cambridge logo icon(classpath:CambDict/CambDict.feature:4)
]]></failure>
    </testcase>
    <testcase classname="Cambridge Dictionary Link" name="User is on Cambridge Dictionary homepage" time="0.003">
        <failure message="Cannot invoke &quot;org.openqa.selenium.WebDriver.findElement(org.openqa.selenium.By)&quot; because &quot;this.driver&quot; is null" type="java.lang.NullPointerException"><![CDATA[Given User navigate to home page and validate the  WORD OF THE DAY link.....failed
When User clicks on Word of the day link....................................skipped
Then User see the meaning of word on another page...........................skipped

StackTrace:
java.lang.NullPointerException: Cannot invoke "org.openqa.selenium.WebDriver.findElement(org.openqa.selenium.By)" because "this.driver" is null
	at CambDict.CambDictStepDef.word_of_the_day(CambDictStepDef.java:60)
	at ✽.User navigate to home page and validate the  WORD OF THE DAY link(classpath:CambDict/CambDict.feature:8)
]]></failure>
    </testcase>
    <testcase classname="Cambridge Dictionary Link" name="Successful search of words with their meanings" time="0.561">
        <failure message="Step [User have enters the words in search box And gets the meaning of their desired words] is defined with 0 parameters at 'CambDict.CambDictStepDef.Enter_words_get_the_meaning()'.&#10;However, the gherkin step has 1 arguments:&#10; * Table:&#10;      | avalanche | hysterical | turncoat |&#10;&#10;Step text: User have enters the words in search box And gets the meaning of their desired words" type="io.cucumber.core.exception.CucumberException"><![CDATA[When User navigate in serch window..........................................passed
Then User have enters the words in search box And gets the meaning of their desired words.failed

StackTrace:
io.cucumber.core.exception.CucumberException: Step [User have enters the words in search box And gets the meaning of their desired words] is defined with 0 parameters at 'CambDict.CambDictStepDef.Enter_words_get_the_meaning()'.
However, the gherkin step has 1 arguments:
 * Table:
      | avalanche | hysterical | turncoat |

Step text: User have enters the words in search box And gets the meaning of their desired words
	at io.cucumber.core.runner.PickleStepDefinitionMatch.arityMismatch(PickleStepDefinitionMatch.java:83)
	at io.cucumber.core.runner.PickleStepDefinitionMatch.runStep(PickleStepDefinitionMatch.java:42)
	at io.cucumber.core.runner.ExecutionMode$1.execute(ExecutionMode.java:10)
	at io.cucumber.core.runner.TestStep.executeStep(TestStep.java:85)
	at io.cucumber.core.runner.TestStep.run(TestStep.java:57)
	at io.cucumber.core.runner.PickleStepTestStep.run(PickleStepTestStep.java:51)
	at io.cucumber.core.runner.TestCase.run(TestCase.java:84)
	at io.cucumber.core.runner.Runner.runPickle(Runner.java:75)
	at io.cucumber.junit.PickleRunners$NoStepDescriptions.lambda$run$0(PickleRunners.java:151)
	at io.cucumber.core.runtime.CucumberExecutionContext.lambda$runTestCase$5(CucumberExecutionContext.java:129)
	at io.cucumber.core.runtime.RethrowingThrowableCollector.executeAndThrow(RethrowingThrowableCollector.java:23)
	at io.cucumber.core.runtime.CucumberExecutionContext.runTestCase(CucumberExecutionContext.java:129)
	at io.cucumber.junit.PickleRunners$NoStepDescriptions.run(PickleRunners.java:148)
	at io.cucumber.junit.FeatureRunner.runChild(FeatureRunner.java:144)
	at io.cucumber.junit.FeatureRunner.runChild(FeatureRunner.java:28)
	at org.junit.runners.ParentRunner$4.run(ParentRunner.java:331)
	at org.junit.runners.ParentRunner$1.schedule(ParentRunner.java:79)
	at org.junit.runners.ParentRunner.runChildren(ParentRunner.java:329)
	at org.junit.runners.ParentRunner.access$100(ParentRunner.java:66)
	at org.junit.runners.ParentRunner$2.evaluate(ParentRunner.java:293)
	at org.junit.runners.ParentRunner$3.evaluate(ParentRunner.java:306)
	at org.junit.runners.ParentRunner.run(ParentRunner.java:413)
	at io.cucumber.junit.FeatureRunner.run(FeatureRunner.java:137)
	at io.cucumber.junit.Cucumber.runChild(Cucumber.java:196)
	at io.cucumber.junit.Cucumber.runChild(Cucumber.java:89)
	at org.junit.runners.ParentRunner$4.run(ParentRunner.java:331)
	at org.junit.runners.ParentRunner$1.schedule(ParentRunner.java:79)
	at org.junit.runners.ParentRunner.runChildren(ParentRunner.java:329)
	at org.junit.runners.ParentRunner.access$100(ParentRunner.java:66)
	at org.junit.runners.ParentRunner$2.evaluate(ParentRunner.java:293)
	at io.cucumber.junit.Cucumber$RunBeforeAllHooks.evaluate(Cucumber.java:266)
	at io.cucumber.junit.Cucumber$RunAfterAllHooks.evaluate(Cucumber.java:281)
	at io.cucumber.junit.Cucumber$StartTestRun.evaluate(Cucumber.java:233)
	at io.cucumber.junit.Cucumber$FinishTestRun.evaluate(Cucumber.java:248)
	at org.junit.runners.ParentRunner$3.evaluate(ParentRunner.java:306)
	at org.junit.runners.ParentRunner.run(ParentRunner.java:413)
	at org.eclipse.jdt.internal.junit4.runner.JUnit4TestReference.run(JUnit4TestReference.java:93)
	at org.eclipse.jdt.internal.junit.runner.TestExecution.run(TestExecution.java:40)
	at org.eclipse.jdt.internal.junit.runner.RemoteTestRunner.runTests(RemoteTestRunner.java:529)
	at org.eclipse.jdt.internal.junit.runner.RemoteTestRunner.runTests(RemoteTestRunner.java:756)
	at org.eclipse.jdt.internal.junit.runner.RemoteTestRunner.run(RemoteTestRunner.java:452)
	at org.eclipse.jdt.internal.junit.runner.RemoteTestRunner.main(RemoteTestRunner.java:210)
]]></failure>
    </testcase>
    <testcase classname="Cambridge Dictionary Link" name="successful navigation to facebook page" time="0.001">
        <failure message="Cannot invoke &quot;org.openqa.selenium.WebDriver.navigate()&quot; because &quot;this.driver&quot; is null" type="java.lang.NullPointerException"><![CDATA[Given user navigate to the facebook icon....................................failed
When user look for the facebook page........................................skipped
Then user should be navigated to cambridge facebook homepage................skipped

StackTrace:
java.lang.NullPointerException: Cannot invoke "org.openqa.selenium.WebDriver.navigate()" because "this.driver" is null
	at CambDict.CambDictStepDef.facebook_icon(CambDictStepDef.java:138)
	at ✽.user navigate to the facebook icon(classpath:CambDict/CambDict.feature:20)
]]></failure>
    </testcase>
</testsuite>
