[{"line":1,"elements":[{"start_timestamp":"2022-07-07T12:02:24.236Z","line":2,"name":"Successful navigation to Home Page","description":"","id":"cambridge-dictionary-link;successful-navigation-to-home-page","type":"scenario","keyword":"Scenario","steps":[{"result":{"duration":5867023600,"status":"passed"},"line":3,"name":"User navigate to home page","match":{"location":"CambDict.CambDictStepDef.User_navigates_homepage()"},"keyword":"Given "},{"result":{"error_message":"java.lang.NullPointerException: Cannot invoke \"org.openqa.selenium.WebElement.isDisplayed()\" because \"CambDict.CambDictStepDef.DictLogo\" is null\r\n\tat CambDict.CambDictStepDef.Validate_Logo_icon(CambDictStepDef.java:46)\r\n\tat ✽.User validate on cambridge logo icon(classpath:CambDict/CambDict.feature:4)\r\n","duration":18126900,"status":"failed"},"line":4,"name":"User validate on cambridge logo icon","match":{"location":"CambDict.CambDictStepDef.Validate_Logo_icon()"},"keyword":"When "},{"result":{"status":"skipped"},"line":5,"name":"User should be navigated to the validation of cambridge logo","match":{"location":"CambDict.CambDictStepDef.logo_visible()"},"keyword":"Then "}]},{"start_timestamp":"2022-07-07T12:02:30.171Z","line":7,"name":"User is on Cambridge Dictionary homepage","description":"","id":"cambridge-dictionary-link;user-is-on-cambridge-dictionary-homepage","type":"scenario","keyword":"Scenario","steps":[{"result":{"error_message":"java.lang.NullPointerException: Cannot invoke \"org.openqa.selenium.WebDriver.findElement(org.openqa.selenium.By)\" because \"this.driver\" is null\r\n\tat CambDict.CambDictStepDef.word_of_the_day(CambDictStepDef.java:60)\r\n\tat ✽.User navigate to home page and validate the  WORD OF THE DAY link(classpath:CambDict/CambDict.feature:8)\r\n","duration":994100,"status":"failed"},"line":8,"name":"User navigate to home page and validate the  WORD OF THE DAY link","match":{"location":"CambDict.CambDictStepDef.word_of_the_day()"},"keyword":"Given "},{"result":{"status":"skipped"},"line":9,"name":"User clicks on Word of the day link","match":{"location":"CambDict.CambDictStepDef.word_of_day()"},"keyword":"When "},{"result":{"status":"skipped"},"line":10,"name":"User see the meaning of word on another page","match":{"location":"CambDict.CambDictStepDef.meaning()"},"keyword":"Then "}]},{"start_timestamp":"2022-07-07T12:02:30.184Z","line":12,"name":"Successful search of words with their meanings","description":"","id":"cambridge-dictionary-link;successful-search-of-words-with-their-meanings","type":"scenario","keyword":"Scenario","steps":[{"result":{"duration":540153000,"status":"passed"},"line":14,"name":"User navigate in serch window","match":{"location":"CambDict.CambDictStepDef.Successful_search()"},"keyword":"When "},{"result":{"error_message":"io.cucumber.core.exception.CucumberException: Step [User have enters the words in search box And gets the meaning of their desired words] is defined with 0 parameters at 'CambDict.CambDictStepDef.Enter_words_get_the_meaning()'.\nHowever, the gherkin step has 1 arguments:\n * Table:\n      | avalanche | hysterical | turncoat |\n\nStep text: User have enters the words in search box And gets the meaning of their desired words\r\n\tat io.cucumber.core.runner.PickleStepDefinitionMatch.arityMismatch(PickleStepDefinitionMatch.java:83)\r\n\tat io.cucumber.core.runner.PickleStepDefinitionMatch.runStep(PickleStepDefinitionMatch.java:42)\r\n\tat io.cucumber.core.runner.ExecutionMode$1.execute(ExecutionMode.java:10)\r\n\tat io.cucumber.core.runner.TestStep.executeStep(TestStep.java:85)\r\n\tat io.cucumber.core.runner.TestStep.run(TestStep.java:57)\r\n\tat io.cucumber.core.runner.PickleStepTestStep.run(PickleStepTestStep.java:51)\r\n\tat io.cucumber.core.runner.TestCase.run(TestCase.java:84)\r\n\tat io.cucumber.core.runner.Runner.runPickle(Runner.java:75)\r\n\tat io.cucumber.junit.PickleRunners$NoStepDescriptions.lambda$run$0(PickleRunners.java:151)\r\n\tat io.cucumber.core.runtime.CucumberExecutionContext.lambda$runTestCase$5(CucumberExecutionContext.java:129)\r\n\tat io.cucumber.core.runtime.RethrowingThrowableCollector.executeAndThrow(RethrowingThrowableCollector.java:23)\r\n\tat io.cucumber.core.runtime.CucumberExecutionContext.runTestCase(CucumberExecutionContext.java:129)\r\n\tat io.cucumber.junit.PickleRunners$NoStepDescriptions.run(PickleRunners.java:148)\r\n\tat io.cucumber.junit.FeatureRunner.runChild(FeatureRunner.java:144)\r\n\tat io.cucumber.junit.FeatureRunner.runChild(FeatureRunner.java:28)\r\n\tat org.junit.runners.ParentRunner$4.run(ParentRunner.java:331)\r\n\tat org.junit.runners.ParentRunner$1.schedule(ParentRunner.java:79)\r\n\tat org.junit.runners.ParentRunner.runChildren(ParentRunner.java:329)\r\n\tat org.junit.runners.ParentRunner.access$100(ParentRunner.java:66)\r\n\tat org.junit.runners.ParentRunner$2.evaluate(ParentRunner.java:293)\r\n\tat org.junit.runners.ParentRunner$3.evaluate(ParentRunner.java:306)\r\n\tat org.junit.runners.ParentRunner.run(ParentRunner.java:413)\r\n\tat io.cucumber.junit.FeatureRunner.run(FeatureRunner.java:137)\r\n\tat io.cucumber.junit.Cucumber.runChild(Cucumber.java:196)\r\n\tat io.cucumber.junit.Cucumber.runChild(Cucumber.java:89)\r\n\tat org.junit.runners.ParentRunner$4.run(ParentRunner.java:331)\r\n\tat org.junit.runners.ParentRunner$1.schedule(ParentRunner.java:79)\r\n\tat org.junit.runners.ParentRunner.runChildren(ParentRunner.java:329)\r\n\tat org.junit.runners.ParentRunner.access$100(ParentRunner.java:66)\r\n\tat org.junit.runners.ParentRunner$2.evaluate(ParentRunner.java:293)\r\n\tat io.cucumber.junit.Cucumber$RunBeforeAllHooks.evaluate(Cucumber.java:266)\r\n\tat io.cucumber.junit.Cucumber$RunAfterAllHooks.evaluate(Cucumber.java:281)\r\n\tat io.cucumber.junit.Cucumber$StartTestRun.evaluate(Cucumber.java:233)\r\n\tat io.cucumber.junit.Cucumber$FinishTestRun.evaluate(Cucumber.java:248)\r\n\tat org.junit.runners.ParentRunner$3.evaluate(ParentRunner.java:306)\r\n\tat org.junit.runners.ParentRunner.run(ParentRunner.java:413)\r\n\tat org.eclipse.jdt.internal.junit4.runner.JUnit4TestReference.run(JUnit4TestReference.java:93)\r\n\tat org.eclipse.jdt.internal.junit.runner.TestExecution.run(TestExecution.java:40)\r\n\tat org.eclipse.jdt.internal.junit.runner.RemoteTestRunner.runTests(RemoteTestRunner.java:529)\r\n\tat org.eclipse.jdt.internal.junit.runner.RemoteTestRunner.runTests(RemoteTestRunner.java:756)\r\n\tat org.eclipse.jdt.internal.junit.runner.RemoteTestRunner.run(RemoteTestRunner.java:452)\r\n\tat org.eclipse.jdt.internal.junit.runner.RemoteTestRunner.main(RemoteTestRunner.java:210)\r\n","duration":5002400,"status":"failed"},"line":15,"name":"User have enters the words in search box And gets the meaning of their desired words","match":{"location":"CambDict.CambDictStepDef.Enter_words_get_the_meaning()"},"rows":[{"cells":["avalanche","hysterical","turncoat"]}],"keyword":"Then "}]},{"start_timestamp":"2022-07-07T12:02:30.742Z","line":19,"name":"successful navigation to facebook page","description":"","id":"cambridge-dictionary-link;successful-navigation-to-facebook-page","type":"scenario","keyword":"Scenario","steps":[{"result":{"error_message":"java.lang.NullPointerException: Cannot invoke \"org.openqa.selenium.WebDriver.navigate()\" because \"this.driver\" is null\r\n\tat CambDict.CambDictStepDef.facebook_icon(CambDictStepDef.java:138)\r\n\tat ✽.user navigate to the facebook icon(classpath:CambDict/CambDict.feature:20)\r\n","status":"failed"},"line":20,"name":"user navigate to the facebook icon","match":{"location":"CambDict.CambDictStepDef.facebook_icon()"},"keyword":"Given "},{"result":{"status":"skipped"},"line":21,"name":"user look for the facebook page","match":{"location":"CambDict.CambDictStepDef.facebook_page()"},"keyword":"When "},{"result":{"status":"skipped"},"line":22,"name":"user should be navigated to cambridge facebook homepage","match":{"location":"CambDict.CambDictStepDef.facebook_page_open()"},"keyword":"Then "}]}],"name":"Cambridge Dictionary Link","description":"","id":"cambridge-dictionary-link","keyword":"Feature","uri":"classpath:CambDict/CambDict.feature","tags":[]}]